
[Program] 2025-11-14 17:43:32,876 - INFO - Authenticating with API...
[None] 2025-11-14 17:43:32,876 - INFO - Authentication successful.
[Program] 2025-11-14 17:43:32,876 - INFO - Authentication successful.
[#20251114174332] 2025-11-14 17:43:32,877 - INFO - ------------------- New Cycle Start -------------------
[#20251114174332] 2025-11-14 17:43:32,877 - INFO - [005930] Checking sell conditions...
[#20251114174332] 2025-11-14 17:43:32,877 - INFO - [005930] Condition 'is_target_profit_reached': Not implemented.
[#20251114174332] 2025-11-14 17:43:32,877 - INFO - [005930] Condition 'is_stop_loss_reached': Not implemented.
[#20251114174332] 2025-11-14 17:43:32,877 - INFO - [005930] Checking buy conditions...
[#20251114174332] 2025-11-14 17:43:32,877 - INFO - Condition 'is_trading_hours': Met (Placeholder)
[#20251114174332] 2025-11-14 17:43:32,877 - INFO - Fetching price for 005930...
[#20251114174332] 2025-11-14 17:43:32,936 - INFO - Fetching stock info for 005930...
[#20251114174332] 2025-11-14 17:43:32,988 - INFO - Price and stock info data fetched successfully.
[#20251114174332] 2025-11-14 17:43:32,989 - INFO - [005930] Condition 'is_price_below_target': Current Price=97200, Target Price=80000
[#20251114174332] 2025-11-14 17:43:32,989 - INFO - [005930] Condition 'is_price_below_target': Not Met
[#20251114174332] 2025-11-14 17:43:32,989 - INFO - Fetching account balance...
[#20251114174332] 2025-11-14 17:43:33,050 - INFO - Data fetch complete.
[#20251114174332] 2025-11-14 17:43:33,051 - INFO - Account balance data fetched successfully.
[#20251114174332] 2025-11-14 17:43:33,051 - INFO - Condition 'has_sufficient_cash': Current Cash=134, Minimum Required=100000
[#20251114174332] 2025-11-14 17:43:33,052 - INFO - Condition 'has_sufficient_cash': Not Met
[#20251114174332] 2025-11-14 17:43:33,052 - INFO - [005930] Buy condition check: TradingHours(True), PriceBelowTarget(False), SufficientCash(False)
[#20251114174332] 2025-11-14 17:43:33,052 - INFO - [005930] No action taken. Holding.
[#20251114174338] 2025-11-14 17:43:38,053 - INFO - ------------------- New Cycle Start -------------------
[#20251114174338] 2025-11-14 17:43:38,053 - INFO - [005930] Checking sell conditions...
[#20251114174338] 2025-11-14 17:43:38,054 - INFO - [005930] Condition 'is_target_profit_reached': Not implemented.
[#20251114174338] 2025-11-14 17:43:38,054 - INFO - [005930] Condition 'is_stop_loss_reached': Not implemented.
[#20251114174338] 2025-11-14 17:43:38,054 - INFO - [005930] Checking buy conditions...
[#20251114174338] 2025-11-14 17:43:38,054 - INFO - Condition 'is_trading_hours': Met (Placeholder)
[#20251114174338] 2025-11-14 17:43:38,055 - INFO - Fetching price for 005930...
[#20251114174338] 2025-11-14 17:43:38,099 - INFO - Fetching stock info for 005930...
[#20251114174338] 2025-11-14 17:43:38,151 - INFO - Price and stock info data fetched successfully.
[#20251114174338] 2025-11-14 17:43:38,151 - INFO - [005930] Condition 'is_price_below_target': Current Price=97200, Target Price=80000
[#20251114174338] 2025-11-14 17:43:38,152 - INFO - [005930] Condition 'is_price_below_target': Not Met
[#20251114174338] 2025-11-14 17:43:38,152 - INFO - Fetching account balance...
[#20251114174338] 2025-11-14 17:43:38,198 - INFO - Data fetch complete.
[#20251114174338] 2025-11-14 17:43:38,198 - INFO - Account balance data fetched successfully.
[#20251114174338] 2025-11-14 17:43:38,198 - INFO - Condition 'has_sufficient_cash': Current Cash=134, Minimum Required=100000
[#20251114174338] 2025-11-14 17:43:38,198 - INFO - Condition 'has_sufficient_cash': Not Met
[#20251114174338] 2025-11-14 17:43:38,198 - INFO - [005930] Buy condition check: TradingHours(True), PriceBelowTarget(False), SufficientCash(False)
[#20251114174338] 2025-11-14 17:43:38,198 - INFO - [005930] No action taken. Holding.
[Program] 2025-11-14 18:22:25,440 - INFO - Authenticating with API...
[Program] 2025-11-14 18:22:25,441 - INFO - Authentication successful.
[Program] 2025-11-14 18:22:25,441 - INFO - Authentication successful.
[#20251114182225] 2025-11-14 18:22:25,441 - INFO - ------------------- New Cycle Start -------------------
[#20251114182225] 2025-11-14 18:22:25,441 - INFO - [005930] Checking sell conditions...
[#20251114182225] 2025-11-14 18:22:25,441 - INFO - [005930] Condition 'is_target_profit_reached': Not implemented.
[#20251114182225] 2025-11-14 18:22:25,441 - INFO - [005930] Condition 'is_stop_loss_reached': Not implemented.
[#20251114182225] 2025-11-14 18:22:25,441 - INFO - [005930] Checking buy conditions...
[#20251114182225] 2025-11-14 18:22:25,442 - INFO - Condition 'is_trading_hours': Met (Placeholder)
[#20251114182225] 2025-11-14 18:22:25,442 - INFO - Fetching price for 005930...
[#20251114182225] 2025-11-14 18:22:25,495 - INFO - Fetching stock info for 005930...
[Program] 2025-11-14 18:22:25,537 - INFO - Data fetch complete.
[#20251114182225] 2025-11-14 18:22:25,538 - INFO - Price and stock info data fetched successfully.
[#20251114182225] 2025-11-14 18:22:25,539 - INFO - [005930] Condition 'is_price_below_target': Current Price=97200, Target Price=80000
[#20251114182225] 2025-11-14 18:22:25,539 - INFO - [005930] Condition 'is_price_below_target': Not Met
[#20251114182225] 2025-11-14 18:22:25,539 - INFO - Fetching account balance...
[#20251114182225] 2025-11-14 18:22:25,603 - INFO - Data fetch complete.
[#20251114182225] 2025-11-14 18:22:25,603 - INFO - Account balance data fetched successfully.
[#20251114182225] 2025-11-14 18:22:25,604 - INFO - Condition 'has_sufficient_cash': Current Cash=134, Minimum Required=100000
[#20251114182225] 2025-11-14 18:22:25,604 - INFO - Condition 'has_sufficient_cash': Not Met
[#20251114182225] 2025-11-14 18:22:25,604 - INFO - [005930] Buy condition check: TradingHours(True), PriceBelowTarget(False), SufficientCash(False)
[#20251114182225] 2025-11-14 18:22:25,604 - INFO - [005930] No action taken. Holding.
[#20251114182230] 2025-11-14 18:22:30,604 - INFO - ------------------- New Cycle Start -------------------
[#20251114182230] 2025-11-14 18:22:30,604 - INFO - [005930] Checking sell conditions...
[#20251114182230] 2025-11-14 18:22:30,604 - INFO - [005930] Condition 'is_target_profit_reached': Not implemented.
[#20251114182230] 2025-11-14 18:22:30,605 - INFO - [005930] Condition 'is_stop_loss_reached': Not implemented.
[#20251114182230] 2025-11-14 18:22:30,605 - INFO - [005930] Checking buy conditions...
[#20251114182230] 2025-11-14 18:22:30,605 - INFO - Condition 'is_trading_hours': Met (Placeholder)
[#20251114182230] 2025-11-14 18:22:30,605 - INFO - Fetching price for 005930...
[#20251114182230] 2025-11-14 18:22:30,646 - INFO - Fetching stock info for 005930...
[Program] 2025-11-14 18:22:30,699 - INFO - Data fetch complete.
[#20251114182230] 2025-11-14 18:22:30,699 - INFO - Price and stock info data fetched successfully.
[#20251114182230] 2025-11-14 18:22:30,700 - INFO - [005930] Condition 'is_price_below_target': Current Price=97200, Target Price=80000
[#20251114182230] 2025-11-14 18:22:30,700 - INFO - [005930] Condition 'is_price_below_target': Not Met
[#20251114182230] 2025-11-14 18:22:30,700 - INFO - Fetching account balance...
[#20251114182230] 2025-11-14 18:22:30,743 - INFO - Data fetch complete.
[#20251114182230] 2025-11-14 18:22:30,743 - INFO - Account balance data fetched successfully.
[#20251114182230] 2025-11-14 18:22:30,744 - INFO - Condition 'has_sufficient_cash': Current Cash=134, Minimum Required=100000
[#20251114182230] 2025-11-14 18:22:30,744 - INFO - Condition 'has_sufficient_cash': Not Met
[#20251114182230] 2025-11-14 18:22:30,744 - INFO - [005930] Buy condition check: TradingHours(True), PriceBelowTarget(False), SufficientCash(False)
[#20251114182230] 2025-11-14 18:22:30,744 - INFO - [005930] No action taken. Holding.
[#20251114182235] 2025-11-14 18:22:35,744 - INFO - ------------------- New Cycle Start -------------------
[#20251114182235] 2025-11-14 18:22:35,744 - INFO - [005930] Checking sell conditions...
[#20251114182235] 2025-11-14 18:22:35,745 - INFO - [005930] Condition 'is_target_profit_reached': Not implemented.
[#20251114182235] 2025-11-14 18:22:35,745 - INFO - [005930] Condition 'is_stop_loss_reached': Not implemented.
[#20251114182235] 2025-11-14 18:22:35,745 - INFO - [005930] Checking buy conditions...
[#20251114182235] 2025-11-14 18:22:35,745 - INFO - Condition 'is_trading_hours': Met (Placeholder)
[#20251114182235] 2025-11-14 18:22:35,746 - INFO - Fetching price for 005930...
[#20251114182235] 2025-11-14 18:22:35,792 - INFO - Fetching stock info for 005930...
[Program] 2025-11-14 18:22:35,839 - INFO - Data fetch complete.
[#20251114182235] 2025-11-14 18:22:35,839 - INFO - Price and stock info data fetched successfully.
[#20251114182235] 2025-11-14 18:22:35,840 - INFO - [005930] Condition 'is_price_below_target': Current Price=97200, Target Price=80000
[#20251114182235] 2025-11-14 18:22:35,841 - INFO - [005930] Condition 'is_price_below_target': Not Met
[#20251114182235] 2025-11-14 18:22:35,841 - INFO - Fetching account balance...
[#20251114182235] 2025-11-14 18:22:35,887 - INFO - Data fetch complete.
[#20251114182235] 2025-11-14 18:22:35,887 - INFO - Account balance data fetched successfully.
[#20251114182235] 2025-11-14 18:22:35,887 - INFO - Condition 'has_sufficient_cash': Current Cash=134, Minimum Required=100000
[#20251114182235] 2025-11-14 18:22:35,888 - INFO - Condition 'has_sufficient_cash': Not Met
[#20251114182235] 2025-11-14 18:22:35,888 - INFO - [005930] Buy condition check: TradingHours(True), PriceBelowTarget(False), SufficientCash(False)
[#20251114182235] 2025-11-14 18:22:35,888 - INFO - [005930] No action taken. Holding.
[#20251114182240] 2025-11-14 18:22:40,888 - INFO - ------------------- New Cycle Start -------------------
[#20251114182240] 2025-11-14 18:22:40,888 - INFO - [005930] Checking sell conditions...
[#20251114182240] 2025-11-14 18:22:40,889 - INFO - [005930] Condition 'is_target_profit_reached': Not implemented.
[#20251114182240] 2025-11-14 18:22:40,889 - INFO - [005930] Condition 'is_stop_loss_reached': Not implemented.
[#20251114182240] 2025-11-14 18:22:40,889 - INFO - [005930] Checking buy conditions...
[#20251114182240] 2025-11-14 18:22:40,889 - INFO - Condition 'is_trading_hours': Met (Placeholder)
[#20251114182240] 2025-11-14 18:22:40,890 - INFO - Fetching price for 005930...
[#20251114182240] 2025-11-14 18:22:40,938 - INFO - Fetching stock info for 005930...
[Program] 2025-11-14 18:22:40,992 - INFO - Data fetch complete.
[#20251114182240] 2025-11-14 18:22:40,992 - INFO - Price and stock info data fetched successfully.
[#20251114182240] 2025-11-14 18:22:40,993 - INFO - [005930] Condition 'is_price_below_target': Current Price=97200, Target Price=80000
[#20251114182240] 2025-11-14 18:22:40,994 - INFO - [005930] Condition 'is_price_below_target': Not Met
[#20251114182240] 2025-11-14 18:22:40,994 - INFO - Fetching account balance...
[#20251114182240] 2025-11-14 18:22:41,047 - INFO - Data fetch complete.
[#20251114182240] 2025-11-14 18:22:41,047 - INFO - Account balance data fetched successfully.
[#20251114182240] 2025-11-14 18:22:41,048 - INFO - Condition 'has_sufficient_cash': Current Cash=134, Minimum Required=100000
[#20251114182240] 2025-11-14 18:22:41,048 - INFO - Condition 'has_sufficient_cash': Not Met
[#20251114182240] 2025-11-14 18:22:41,048 - INFO - [005930] Buy condition check: TradingHours(True), PriceBelowTarget(False), SufficientCash(False)
[#20251114182240] 2025-11-14 18:22:41,048 - INFO - [005930] No action taken. Holding.
[#20251114182246] 2025-11-14 18:22:46,049 - INFO - ------------------- New Cycle Start -------------------
[#20251114182246] 2025-11-14 18:22:46,049 - INFO - [005930] Checking sell conditions...
[#20251114182246] 2025-11-14 18:22:46,049 - INFO - [005930] Condition 'is_target_profit_reached': Not implemented.
[#20251114182246] 2025-11-14 18:22:46,049 - INFO - [005930] Condition 'is_stop_loss_reached': Not implemented.
[#20251114182246] 2025-11-14 18:22:46,049 - INFO - [005930] Checking buy conditions...
[#20251114182246] 2025-11-14 18:22:46,049 - INFO - Condition 'is_trading_hours': Met (Placeholder)
[#20251114182246] 2025-11-14 18:22:46,050 - INFO - Fetching price for 005930...
[#20251114182246] 2025-11-14 18:22:46,105 - INFO - Fetching stock info for 005930...
[Program] 2025-11-14 18:22:46,150 - INFO - Data fetch complete.
[#20251114182246] 2025-11-14 18:22:46,151 - INFO - Price and stock info data fetched successfully.
[#20251114182246] 2025-11-14 18:22:46,151 - INFO - [005930] Condition 'is_price_below_target': Current Price=97200, Target Price=80000
[#20251114182246] 2025-11-14 18:22:46,152 - INFO - [005930] Condition 'is_price_below_target': Not Met
[#20251114182246] 2025-11-14 18:22:46,152 - INFO - Fetching account balance...
[#20251114182246] 2025-11-14 18:22:46,206 - INFO - Data fetch complete.
[#20251114182246] 2025-11-14 18:22:46,206 - INFO - Account balance data fetched successfully.
[#20251114182246] 2025-11-14 18:22:46,207 - INFO - Condition 'has_sufficient_cash': Current Cash=134, Minimum Required=100000
[#20251114182246] 2025-11-14 18:22:46,207 - INFO - Condition 'has_sufficient_cash': Not Met
[#20251114182246] 2025-11-14 18:22:46,207 - INFO - [005930] Buy condition check: TradingHours(True), PriceBelowTarget(False), SufficientCash(False)
[#20251114182246] 2025-11-14 18:22:46,207 - INFO - [005930] No action taken. Holding.
[#20251114182251] 2025-11-14 18:22:51,208 - INFO - ------------------- New Cycle Start -------------------
[#20251114182251] 2025-11-14 18:22:51,208 - INFO - [005930] Checking sell conditions...
[#20251114182251] 2025-11-14 18:22:51,208 - INFO - [005930] Condition 'is_target_profit_reached': Not implemented.
[#20251114182251] 2025-11-14 18:22:51,208 - INFO - [005930] Condition 'is_stop_loss_reached': Not implemented.
[#20251114182251] 2025-11-14 18:22:51,208 - INFO - [005930] Checking buy conditions...
[#20251114182251] 2025-11-14 18:22:51,208 - INFO - Condition 'is_trading_hours': Met (Placeholder)
[#20251114182251] 2025-11-14 18:22:51,209 - INFO - Fetching price for 005930...
[#20251114182251] 2025-11-14 18:22:51,249 - INFO - Fetching stock info for 005930...
[Program] 2025-11-14 18:22:51,296 - INFO - Data fetch complete.
[#20251114182251] 2025-11-14 18:22:51,296 - INFO - Price and stock info data fetched successfully.
[#20251114182251] 2025-11-14 18:22:51,297 - INFO - [005930] Condition 'is_price_below_target': Current Price=97200, Target Price=80000
[#20251114182251] 2025-11-14 18:22:51,297 - INFO - [005930] Condition 'is_price_below_target': Not Met
[#20251114182251] 2025-11-14 18:22:51,297 - INFO - Fetching account balance...
[#20251114182251] 2025-11-14 18:22:51,343 - INFO - Data fetch complete.
[#20251114182251] 2025-11-14 18:22:51,343 - INFO - Account balance data fetched successfully.
[#20251114182251] 2025-11-14 18:22:51,344 - INFO - Condition 'has_sufficient_cash': Current Cash=134, Minimum Required=100000
[#20251114182251] 2025-11-14 18:22:51,344 - INFO - Condition 'has_sufficient_cash': Not Met
[#20251114182251] 2025-11-14 18:22:51,344 - INFO - [005930] Buy condition check: TradingHours(True), PriceBelowTarget(False), SufficientCash(False)
[#20251114182251] 2025-11-14 18:22:51,344 - INFO - [005930] No action taken. Holding.
[Program] 2025-11-14 18:28:13,453 - INFO - Authenticating with API...
[Program] 2025-11-14 18:28:13,454 - INFO - Authentication successful.
[Program] 2025-11-14 18:28:13,454 - INFO - Authentication successful.
[#20251114182813] 2025-11-14 18:28:13,454 - INFO - ------------------- New Cycle Start -------------------
[#20251114182813] 2025-11-14 18:28:13,454 - INFO - [005930] Checking sell conditions...
[#20251114182813] 2025-11-14 18:28:13,454 - INFO - [005930] Condition 'is_target_profit_reached': Not implemented. Configured: 5.0%
[#20251114182813] 2025-11-14 18:28:13,454 - INFO - [005930] Condition 'is_stop_loss_reached': Not implemented. Configured: -3.0%
[#20251114182813] 2025-11-14 18:28:13,454 - INFO - [005930] Checking buy conditions...
[#20251114182813] 2025-11-14 18:28:13,455 - INFO - Condition 'is_trading_hours': Check enabled. Met (Placeholder)
[#20251114182813] 2025-11-14 18:28:13,455 - INFO - Fetching price for 005930...
[#20251114182813] 2025-11-14 18:28:13,526 - INFO - Fetching stock info for 005930...
[Program] 2025-11-14 18:28:13,568 - INFO - Data fetch complete.
[#20251114182813] 2025-11-14 18:28:13,568 - INFO - Price and stock info data fetched successfully.
[#20251114182813] 2025-11-14 18:28:13,569 - INFO - [005930] Condition 'is_price_below_target': Current Price=97200, Target Price=80000
[#20251114182813] 2025-11-14 18:28:13,569 - INFO - [005930] Condition 'is_price_below_target': Not Met
[#20251114182813] 2025-11-14 18:28:13,570 - INFO - Fetching account balance...
[#20251114182813] 2025-11-14 18:28:13,617 - INFO - Data fetch complete.
[#20251114182813] 2025-11-14 18:28:13,617 - INFO - Account balance data fetched successfully.
[#20251114182813] 2025-11-14 18:28:13,618 - INFO - Condition 'has_sufficient_cash': Current Cash=134, Minimum Required=100000
[#20251114182813] 2025-11-14 18:28:13,618 - INFO - Condition 'has_sufficient_cash': Not Met
[#20251114182813] 2025-11-14 18:28:13,618 - INFO - [005930] Buy condition check: TradingHours(True), PriceBelowTarget(False), SufficientCash(False)
[#20251114182813] 2025-11-14 18:28:13,618 - INFO - [005930] No action taken. Holding.
[#20251114182818] 2025-11-14 18:28:18,619 - INFO - ------------------- New Cycle Start -------------------
[#20251114182818] 2025-11-14 18:28:18,619 - INFO - [005930] Checking sell conditions...
[#20251114182818] 2025-11-14 18:28:18,619 - INFO - [005930] Condition 'is_target_profit_reached': Not implemented. Configured: 5.0%
[#20251114182818] 2025-11-14 18:28:18,619 - INFO - [005930] Condition 'is_stop_loss_reached': Not implemented. Configured: -3.0%
[#20251114182818] 2025-11-14 18:28:18,620 - INFO - [005930] Checking buy conditions...
[#20251114182818] 2025-11-14 18:28:18,620 - INFO - Condition 'is_trading_hours': Check enabled. Met (Placeholder)
[#20251114182818] 2025-11-14 18:28:18,620 - INFO - Fetching price for 005930...
[#20251114182818] 2025-11-14 18:28:18,659 - INFO - Fetching stock info for 005930...
[Program] 2025-11-14 18:28:18,709 - INFO - Data fetch complete.
[#20251114182818] 2025-11-14 18:28:18,709 - INFO - Price and stock info data fetched successfully.
[#20251114182818] 2025-11-14 18:28:18,711 - INFO - [005930] Condition 'is_price_below_target': Current Price=97200, Target Price=80000
[#20251114182818] 2025-11-14 18:28:18,711 - INFO - [005930] Condition 'is_price_below_target': Not Met
[#20251114182818] 2025-11-14 18:28:18,711 - INFO - Fetching account balance...
[#20251114182818] 2025-11-14 18:28:18,757 - INFO - Data fetch complete.
[#20251114182818] 2025-11-14 18:28:18,757 - INFO - Account balance data fetched successfully.
[#20251114182818] 2025-11-14 18:28:18,758 - INFO - Condition 'has_sufficient_cash': Current Cash=134, Minimum Required=100000
[#20251114182818] 2025-11-14 18:28:18,758 - INFO - Condition 'has_sufficient_cash': Not Met
[#20251114182818] 2025-11-14 18:28:18,758 - INFO - [005930] Buy condition check: TradingHours(True), PriceBelowTarget(False), SufficientCash(False)
[#20251114182818] 2025-11-14 18:28:18,758 - INFO - [005930] No action taken. Holding.
[#20251114182823] 2025-11-14 18:28:23,758 - INFO - ------------------- New Cycle Start -------------------
[#20251114182823] 2025-11-14 18:28:23,759 - INFO - [005930] Checking sell conditions...
[#20251114182823] 2025-11-14 18:28:23,759 - INFO - [005930] Condition 'is_target_profit_reached': Not implemented. Configured: 5.0%
[#20251114182823] 2025-11-14 18:28:23,759 - INFO - [005930] Condition 'is_stop_loss_reached': Not implemented. Configured: -3.0%
[#20251114182823] 2025-11-14 18:28:23,759 - INFO - [005930] Checking buy conditions...
[#20251114182823] 2025-11-14 18:28:23,760 - INFO - Condition 'is_trading_hours': Check enabled. Met (Placeholder)
[#20251114182823] 2025-11-14 18:28:23,760 - INFO - Fetching price for 005930...
[#20251114182823] 2025-11-14 18:28:23,808 - INFO - Fetching stock info for 005930...
[Program] 2025-11-14 18:28:23,865 - INFO - Data fetch complete.
[#20251114182823] 2025-11-14 18:28:23,865 - INFO - Price and stock info data fetched successfully.
[#20251114182823] 2025-11-14 18:28:23,866 - INFO - [005930] Condition 'is_price_below_target': Current Price=97200, Target Price=80000
[#20251114182823] 2025-11-14 18:28:23,866 - INFO - [005930] Condition 'is_price_below_target': Not Met
[#20251114182823] 2025-11-14 18:28:23,867 - INFO - Fetching account balance...
[#20251114182823] 2025-11-14 18:28:23,911 - INFO - Data fetch complete.
[#20251114182823] 2025-11-14 18:28:23,911 - INFO - Account balance data fetched successfully.
[#20251114182823] 2025-11-14 18:28:23,912 - INFO - Condition 'has_sufficient_cash': Current Cash=134, Minimum Required=100000
[#20251114182823] 2025-11-14 18:28:23,912 - INFO - Condition 'has_sufficient_cash': Not Met
[#20251114182823] 2025-11-14 18:28:23,912 - INFO - [005930] Buy condition check: TradingHours(True), PriceBelowTarget(False), SufficientCash(False)
[#20251114182823] 2025-11-14 18:28:23,912 - INFO - [005930] No action taken. Holding.
[#20251114182828] 2025-11-14 18:28:28,912 - INFO - ------------------- New Cycle Start -------------------
[#20251114182828] 2025-11-14 18:28:28,913 - INFO - [005930] Checking sell conditions...
[#20251114182828] 2025-11-14 18:28:28,913 - INFO - [005930] Condition 'is_target_profit_reached': Not implemented. Configured: 5.0%
[#20251114182828] 2025-11-14 18:28:28,914 - INFO - [005930] Condition 'is_stop_loss_reached': Not implemented. Configured: -3.0%
[#20251114182828] 2025-11-14 18:28:28,914 - INFO - [005930] Checking buy conditions...
[#20251114182828] 2025-11-14 18:28:28,914 - INFO - Condition 'is_trading_hours': Check enabled. Met (Placeholder)
[#20251114182828] 2025-11-14 18:28:28,914 - INFO - Fetching price for 005930...
[#20251114182828] 2025-11-14 18:28:28,960 - INFO - Fetching stock info for 005930...
[Program] 2025-11-14 18:28:29,034 - INFO - Data fetch complete.
[#20251114182828] 2025-11-14 18:28:29,034 - INFO - Price and stock info data fetched successfully.
[#20251114182828] 2025-11-14 18:28:29,035 - INFO - [005930] Condition 'is_price_below_target': Current Price=97200, Target Price=80000
[#20251114182828] 2025-11-14 18:28:29,035 - INFO - [005930] Condition 'is_price_below_target': Not Met
[#20251114182828] 2025-11-14 18:28:29,035 - INFO - Fetching account balance...
[#20251114182828] 2025-11-14 18:28:29,079 - INFO - Data fetch complete.
[#20251114182828] 2025-11-14 18:28:29,080 - INFO - Account balance data fetched successfully.
[#20251114182828] 2025-11-14 18:28:29,080 - INFO - Condition 'has_sufficient_cash': Current Cash=134, Minimum Required=100000
[#20251114182828] 2025-11-14 18:28:29,080 - INFO - Condition 'has_sufficient_cash': Not Met
[#20251114182828] 2025-11-14 18:28:29,080 - INFO - [005930] Buy condition check: TradingHours(True), PriceBelowTarget(False), SufficientCash(False)
[#20251114182828] 2025-11-14 18:28:29,080 - INFO - [005930] No action taken. Holding.
[Program] 2025-11-14 18:49:55,214 - INFO - Authenticating with API...
[Program] 2025-11-14 18:49:55,215 - INFO - Authentication successful.
[Program] 2025-11-14 18:49:55,215 - INFO - Authentication successful.
[#20251114184955] 2025-11-14 18:49:55,216 - INFO - ------------------- New Cycle Start -------------------
[#20251114184955] 2025-11-14 18:49:55,216 - INFO - Configured Strategy A: {
  "target_stock": "005930",
  "loop_interval_seconds": 5,
  "buy_conditions": {
    "target_price": 80000,
    "check_trading_hours": true,
    "min_cash_amount": 100000
  },
  "sell_conditions": {
    "target_profit_percent": 5.0,
    "stop_loss_percent": -3.0
  }
}
[#20251114184955] 2025-11-14 18:49:55,216 - INFO - [005930] Checking sell conditions...
[#20251114184955] 2025-11-14 18:49:55,216 - INFO - [005930] Condition 'is_target_profit_reached': Not implemented. Configured: 5.0%
[#20251114184955] 2025-11-14 18:49:55,216 - INFO - [005930] Condition 'is_stop_loss_reached': Not implemented. Configured: -3.0%
[#20251114184955] 2025-11-14 18:49:55,216 - INFO - [005930] Checking buy conditions...
[#20251114184955] 2025-11-14 18:49:55,216 - INFO - Condition 'is_trading_hours': Check enabled. Met (Placeholder)
[#20251114184955] 2025-11-14 18:49:55,217 - INFO - Fetching price for 005930...
[#20251114184955] 2025-11-14 18:49:55,272 - INFO - Fetching stock info for 005930...
[Program] 2025-11-14 18:49:55,321 - INFO - Data fetch complete.
[#20251114184955] 2025-11-14 18:49:55,321 - INFO - Price and stock info data fetched successfully.
[#20251114184955] 2025-11-14 18:49:55,322 - INFO - [005930] Condition 'is_price_below_target': Current Price=97200, Target Price=80000
[#20251114184955] 2025-11-14 18:49:55,322 - INFO - [005930] Condition 'is_price_below_target': Not Met
[#20251114184955] 2025-11-14 18:49:55,323 - INFO - Fetching account balance...
[#20251114184955] 2025-11-14 18:49:55,386 - INFO - Data fetch complete.
[#20251114184955] 2025-11-14 18:49:55,386 - INFO - Account balance data fetched successfully.
[#20251114184955] 2025-11-14 18:49:55,386 - INFO - Condition 'has_sufficient_cash': Current Cash=134, Minimum Required=100000
[#20251114184955] 2025-11-14 18:49:55,387 - INFO - Condition 'has_sufficient_cash': Not Met
[#20251114184955] 2025-11-14 18:49:55,387 - INFO - [005930] Buy condition check: TradingHours(True), PriceBelowTarget(False), SufficientCash(False)
[#20251114184955] 2025-11-14 18:49:55,387 - INFO - [005930] No action taken. Holding.
[#20251114185000] 2025-11-14 18:50:00,387 - INFO - ------------------- New Cycle Start -------------------
[#20251114185000] 2025-11-14 18:50:00,388 - INFO - Configured Strategy A: {
  "target_stock": "005930",
  "loop_interval_seconds": 5,
  "buy_conditions": {
    "target_price": 80000,
    "check_trading_hours": true,
    "min_cash_amount": 100000
  },
  "sell_conditions": {
    "target_profit_percent": 5.0,
    "stop_loss_percent": -3.0
  }
}
[#20251114185000] 2025-11-14 18:50:00,388 - INFO - [005930] Checking sell conditions...
[#20251114185000] 2025-11-14 18:50:00,388 - INFO - [005930] Condition 'is_target_profit_reached': Not implemented. Configured: 5.0%
[#20251114185000] 2025-11-14 18:50:00,388 - INFO - [005930] Condition 'is_stop_loss_reached': Not implemented. Configured: -3.0%
[#20251114185000] 2025-11-14 18:50:00,389 - INFO - [005930] Checking buy conditions...
[#20251114185000] 2025-11-14 18:50:00,389 - INFO - Condition 'is_trading_hours': Check enabled. Met (Placeholder)
[#20251114185000] 2025-11-14 18:50:00,389 - INFO - Fetching price for 005930...
[#20251114185000] 2025-11-14 18:50:00,430 - INFO - Fetching stock info for 005930...
[Program] 2025-11-14 18:50:00,478 - INFO - Data fetch complete.
[#20251114185000] 2025-11-14 18:50:00,479 - INFO - Price and stock info data fetched successfully.
[#20251114185000] 2025-11-14 18:50:00,479 - INFO - [005930] Condition 'is_price_below_target': Current Price=97200, Target Price=80000
[#20251114185000] 2025-11-14 18:50:00,479 - INFO - [005930] Condition 'is_price_below_target': Not Met
[#20251114185000] 2025-11-14 18:50:00,480 - INFO - Fetching account balance...
[#20251114185000] 2025-11-14 18:50:00,529 - INFO - Data fetch complete.
[#20251114185000] 2025-11-14 18:50:00,529 - INFO - Account balance data fetched successfully.
[#20251114185000] 2025-11-14 18:50:00,530 - INFO - Condition 'has_sufficient_cash': Current Cash=134, Minimum Required=100000
[#20251114185000] 2025-11-14 18:50:00,530 - INFO - Condition 'has_sufficient_cash': Not Met
[#20251114185000] 2025-11-14 18:50:00,530 - INFO - [005930] Buy condition check: TradingHours(True), PriceBelowTarget(False), SufficientCash(False)
[#20251114185000] 2025-11-14 18:50:00,530 - INFO - [005930] No action taken. Holding.
[Program] 2025-11-14 18:54:59,338 - INFO - Authenticating with API...
[Program] 2025-11-14 18:54:59,339 - INFO - Authentication successful.
[Program] 2025-11-14 18:54:59,339 - INFO - Authentication successful.
[#20251114185459] 2025-11-14 18:54:59,340 - INFO - ------------------- New Cycle Start -------------------
[#20251114185459] 2025-11-14 18:54:59,340 - INFO - Strategy A Config: Stock=005930, Interval=5s, BuyPrice=80000, MinCash=100000, CheckHours=True, SellProfit=5.0%, StopLoss=-3.0%
[#20251114185459] 2025-11-14 18:54:59,340 - INFO - [005930] Checking sell conditions...
[#20251114185459] 2025-11-14 18:54:59,340 - INFO - [005930] Condition 'is_target_profit_reached': Not implemented. Configured: 5.0%
[#20251114185459] 2025-11-14 18:54:59,340 - INFO - [005930] Condition 'is_stop_loss_reached': Not implemented. Configured: -3.0%
[#20251114185459] 2025-11-14 18:54:59,340 - INFO - [005930] Checking buy conditions...
[#20251114185459] 2025-11-14 18:54:59,340 - INFO - Condition 'is_trading_hours': Check enabled. Met (Placeholder)
[#20251114185459] 2025-11-14 18:54:59,340 - INFO - Fetching price for 005930...
[#20251114185459] 2025-11-14 18:54:59,398 - INFO - Fetching stock info for 005930...
[Program] 2025-11-14 18:54:59,445 - INFO - Data fetch complete.
[#20251114185459] 2025-11-14 18:54:59,445 - INFO - Price and stock info data fetched successfully.
[#20251114185459] 2025-11-14 18:54:59,446 - INFO - [005930] Condition 'is_price_below_target': Current Price=97200, Target Price=80000
[#20251114185459] 2025-11-14 18:54:59,446 - INFO - [005930] Condition 'is_price_below_target': Not Met
[#20251114185459] 2025-11-14 18:54:59,446 - INFO - Fetching account balance...
[#20251114185459] 2025-11-14 18:54:59,492 - INFO - Data fetch complete.
[#20251114185459] 2025-11-14 18:54:59,492 - INFO - Account balance data fetched successfully.
[#20251114185459] 2025-11-14 18:54:59,492 - INFO - Condition 'has_sufficient_cash': Current Cash=134, Minimum Required=100000
[#20251114185459] 2025-11-14 18:54:59,492 - INFO - Condition 'has_sufficient_cash': Not Met
[#20251114185459] 2025-11-14 18:54:59,492 - INFO - [005930] Buy condition check: TradingHours(True), PriceBelowTarget(False), SufficientCash(False)
[#20251114185459] 2025-11-14 18:54:59,492 - INFO - [005930] No action taken. Holding.
[#20251114185504] 2025-11-14 18:55:04,493 - INFO - ------------------- New Cycle Start -------------------
[#20251114185504] 2025-11-14 18:55:04,494 - INFO - Strategy A Config: Stock=005930, Interval=5s, BuyPrice=80000, MinCash=100000, CheckHours=True, SellProfit=5.0%, StopLoss=-3.0%
[#20251114185504] 2025-11-14 18:55:04,494 - INFO - [005930] Checking sell conditions...
[#20251114185504] 2025-11-14 18:55:04,494 - INFO - [005930] Condition 'is_target_profit_reached': Not implemented. Configured: 5.0%
[#20251114185504] 2025-11-14 18:55:04,495 - INFO - [005930] Condition 'is_stop_loss_reached': Not implemented. Configured: -3.0%
[#20251114185504] 2025-11-14 18:55:04,495 - INFO - [005930] Checking buy conditions...
[#20251114185504] 2025-11-14 18:55:04,495 - INFO - Condition 'is_trading_hours': Check enabled. Met (Placeholder)
[#20251114185504] 2025-11-14 18:55:04,496 - INFO - Fetching price for 005930...
[#20251114185504] 2025-11-14 18:55:04,548 - INFO - Fetching stock info for 005930...
[Program] 2025-11-14 18:55:04,595 - INFO - Data fetch complete.
[#20251114185504] 2025-11-14 18:55:04,595 - INFO - Price and stock info data fetched successfully.
[#20251114185504] 2025-11-14 18:55:04,595 - INFO - [005930] Condition 'is_price_below_target': Current Price=97200, Target Price=80000
[#20251114185504] 2025-11-14 18:55:04,595 - INFO - [005930] Condition 'is_price_below_target': Not Met
[#20251114185504] 2025-11-14 18:55:04,596 - INFO - Fetching account balance...
[#20251114185504] 2025-11-14 18:55:04,653 - INFO - Data fetch complete.
[#20251114185504] 2025-11-14 18:55:04,653 - INFO - Account balance data fetched successfully.
[#20251114185504] 2025-11-14 18:55:04,654 - INFO - Condition 'has_sufficient_cash': Current Cash=134, Minimum Required=100000
[#20251114185504] 2025-11-14 18:55:04,654 - INFO - Condition 'has_sufficient_cash': Not Met
[#20251114185504] 2025-11-14 18:55:04,654 - INFO - [005930] Buy condition check: TradingHours(True), PriceBelowTarget(False), SufficientCash(False)
[#20251114185504] 2025-11-14 18:55:04,654 - INFO - [005930] No action taken. Holding.
[#20251114185509] 2025-11-14 18:55:09,655 - INFO - ------------------- New Cycle Start -------------------
[#20251114185509] 2025-11-14 18:55:09,655 - INFO - Strategy A Config: Stock=005930, Interval=5s, BuyPrice=80000, MinCash=100000, CheckHours=True, SellProfit=5.0%, StopLoss=-3.0%
[#20251114185509] 2025-11-14 18:55:09,655 - INFO - [005930] Checking sell conditions...
[#20251114185509] 2025-11-14 18:55:09,656 - INFO - [005930] Condition 'is_target_profit_reached': Not implemented. Configured: 5.0%
[#20251114185509] 2025-11-14 18:55:09,656 - INFO - [005930] Condition 'is_stop_loss_reached': Not implemented. Configured: -3.0%
[#20251114185509] 2025-11-14 18:55:09,656 - INFO - [005930] Checking buy conditions...
[#20251114185509] 2025-11-14 18:55:09,657 - INFO - Condition 'is_trading_hours': Check enabled. Met (Placeholder)
[#20251114185509] 2025-11-14 18:55:09,657 - INFO - Fetching price for 005930...
[#20251114185509] 2025-11-14 18:55:09,706 - INFO - Fetching stock info for 005930...
[Program] 2025-11-14 18:55:09,771 - INFO - Data fetch complete.
[#20251114185509] 2025-11-14 18:55:09,772 - INFO - Price and stock info data fetched successfully.
[#20251114185509] 2025-11-14 18:55:09,773 - INFO - [005930] Condition 'is_price_below_target': Current Price=97200, Target Price=80000
[#20251114185509] 2025-11-14 18:55:09,773 - INFO - [005930] Condition 'is_price_below_target': Not Met
[#20251114185509] 2025-11-14 18:55:09,773 - INFO - Fetching account balance...
[#20251114185509] 2025-11-14 18:55:09,821 - INFO - Data fetch complete.
[#20251114185509] 2025-11-14 18:55:09,822 - INFO - Account balance data fetched successfully.
[#20251114185509] 2025-11-14 18:55:09,822 - INFO - Condition 'has_sufficient_cash': Current Cash=134, Minimum Required=100000
[#20251114185509] 2025-11-14 18:55:09,822 - INFO - Condition 'has_sufficient_cash': Not Met
[#20251114185509] 2025-11-14 18:55:09,822 - INFO - [005930] Buy condition check: TradingHours(True), PriceBelowTarget(False), SufficientCash(False)
[#20251114185509] 2025-11-14 18:55:09,822 - INFO - [005930] No action taken. Holding.
[Program] 2025-11-14 18:57:28,462 - INFO - Authenticating with API...
[Program] 2025-11-14 18:57:28,463 - INFO - Authentication successful.
[Program] 2025-11-14 18:57:28,463 - INFO - Authentication successful.
[#20251114185728] 2025-11-14 18:57:28,464 - INFO - ------------------- New Cycle Start -------------------
[#20251114185728] 2025-11-14 18:57:28,464 - INFO - Strategy A Config: Stock=005930, Interval=5s, BuyPrice=80000, MinCash=100000, CheckHours=True, SellProfit=5.0%, StopLoss=-3.0%
[#20251114185728] 2025-11-14 18:57:28,464 - INFO - [005930] Checking sell conditions...
[#20251114185728] 2025-11-14 18:57:28,464 - INFO - [005930] Condition 'is_target_profit_reached': Not implemented. Configured: 5.0%
[#20251114185728] 2025-11-14 18:57:28,464 - INFO - [005930] Condition 'is_stop_loss_reached': Not implemented. Configured: -3.0%
[#20251114185728] 2025-11-14 18:57:28,464 - INFO - [005930] Checking buy conditions...
[#20251114185728] 2025-11-14 18:57:28,465 - INFO - Condition 'is_trading_hours': Check enabled. Met (Placeholder)
[#20251114185728] 2025-11-14 18:57:28,465 - INFO - Fetching price for 005930...
[#20251114185728] 2025-11-14 18:57:28,525 - INFO - Fetching stock info for 005930...
[#20251114185728] 2025-11-14 18:57:28,571 - INFO - Price and stock info data fetched successfully.
[#20251114185728] 2025-11-14 18:57:28,572 - INFO - [005930] Condition 'is_price_below_target': Current Price=97200, Target Price=80000
[#20251114185728] 2025-11-14 18:57:28,572 - INFO - [005930] Condition 'is_price_below_target': Not Met
[#20251114185728] 2025-11-14 18:57:28,572 - INFO - Fetching account balance...
[#20251114185728] 2025-11-14 18:57:28,628 - INFO - Data fetch complete.
[#20251114185728] 2025-11-14 18:57:28,629 - INFO - Account balance data fetched successfully.
[#20251114185728] 2025-11-14 18:57:28,629 - INFO - Condition 'has_sufficient_cash': Current Cash=134, Minimum Required=100000
[#20251114185728] 2025-11-14 18:57:28,629 - INFO - Condition 'has_sufficient_cash': Not Met
[#20251114185728] 2025-11-14 18:57:28,629 - INFO - [005930] Buy condition check: TradingHours(True), PriceBelowTarget(False), SufficientCash(False)
[#20251114185728] 2025-11-14 18:57:28,629 - INFO - [005930] No action taken. Holding.
[#20251114185733] 2025-11-14 18:57:33,630 - INFO - ------------------- New Cycle Start -------------------
[#20251114185733] 2025-11-14 18:57:33,630 - INFO - Strategy A Config: Stock=005930, Interval=5s, BuyPrice=80000, MinCash=100000, CheckHours=True, SellProfit=5.0%, StopLoss=-3.0%
[#20251114185733] 2025-11-14 18:57:33,630 - INFO - [005930] Checking sell conditions...
[#20251114185733] 2025-11-14 18:57:33,630 - INFO - [005930] Condition 'is_target_profit_reached': Not implemented. Configured: 5.0%
[#20251114185733] 2025-11-14 18:57:33,631 - INFO - [005930] Condition 'is_stop_loss_reached': Not implemented. Configured: -3.0%
[#20251114185733] 2025-11-14 18:57:33,631 - INFO - [005930] Checking buy conditions...
[#20251114185733] 2025-11-14 18:57:33,631 - INFO - Condition 'is_trading_hours': Check enabled. Met (Placeholder)
[#20251114185733] 2025-11-14 18:57:33,631 - INFO - Fetching price for 005930...
[#20251114185733] 2025-11-14 18:57:33,677 - INFO - Fetching stock info for 005930...
[#20251114185733] 2025-11-14 18:57:33,726 - INFO - Price and stock info data fetched successfully.
[#20251114185733] 2025-11-14 18:57:33,726 - INFO - [005930] Condition 'is_price_below_target': Current Price=97200, Target Price=80000
[#20251114185733] 2025-11-14 18:57:33,726 - INFO - [005930] Condition 'is_price_below_target': Not Met
[#20251114185733] 2025-11-14 18:57:33,727 - INFO - Fetching account balance...
[#20251114185733] 2025-11-14 18:57:33,780 - INFO - Data fetch complete.
[#20251114185733] 2025-11-14 18:57:33,781 - INFO - Account balance data fetched successfully.
[#20251114185733] 2025-11-14 18:57:33,781 - INFO - Condition 'has_sufficient_cash': Current Cash=134, Minimum Required=100000
[#20251114185733] 2025-11-14 18:57:33,781 - INFO - Condition 'has_sufficient_cash': Not Met
[#20251114185733] 2025-11-14 18:57:33,781 - INFO - [005930] Buy condition check: TradingHours(True), PriceBelowTarget(False), SufficientCash(False)
[#20251114185733] 2025-11-14 18:57:33,781 - INFO - [005930] No action taken. Holding.
[#20251114185738] 2025-11-14 18:57:38,782 - INFO - ------------------- New Cycle Start -------------------
[#20251114185738] 2025-11-14 18:57:38,782 - INFO - Strategy A Config: Stock=005930, Interval=5s, BuyPrice=80000, MinCash=100000, CheckHours=True, SellProfit=5.0%, StopLoss=-3.0%
[#20251114185738] 2025-11-14 18:57:38,782 - INFO - [005930] Checking sell conditions...
[#20251114185738] 2025-11-14 18:57:38,783 - INFO - [005930] Condition 'is_target_profit_reached': Not implemented. Configured: 5.0%
[#20251114185738] 2025-11-14 18:57:38,783 - INFO - [005930] Condition 'is_stop_loss_reached': Not implemented. Configured: -3.0%
[#20251114185738] 2025-11-14 18:57:38,783 - INFO - [005930] Checking buy conditions...
[#20251114185738] 2025-11-14 18:57:38,783 - INFO - Condition 'is_trading_hours': Check enabled. Met (Placeholder)
[#20251114185738] 2025-11-14 18:57:38,783 - INFO - Fetching price for 005930...
[#20251114185738] 2025-11-14 18:57:38,821 - INFO - Fetching stock info for 005930...
[#20251114185738] 2025-11-14 18:57:38,866 - INFO - Price and stock info data fetched successfully.
[#20251114185738] 2025-11-14 18:57:38,867 - INFO - [005930] Condition 'is_price_below_target': Current Price=97200, Target Price=80000
[#20251114185738] 2025-11-14 18:57:38,867 - INFO - [005930] Condition 'is_price_below_target': Not Met
[#20251114185738] 2025-11-14 18:57:38,867 - INFO - Fetching account balance...
[#20251114185738] 2025-11-14 18:57:38,915 - INFO - Data fetch complete.
[#20251114185738] 2025-11-14 18:57:38,916 - INFO - Account balance data fetched successfully.
[#20251114185738] 2025-11-14 18:57:38,916 - INFO - Condition 'has_sufficient_cash': Current Cash=134, Minimum Required=100000
[#20251114185738] 2025-11-14 18:57:38,916 - INFO - Condition 'has_sufficient_cash': Not Met
[#20251114185738] 2025-11-14 18:57:38,917 - INFO - [005930] Buy condition check: TradingHours(True), PriceBelowTarget(False), SufficientCash(False)
[#20251114185738] 2025-11-14 18:57:38,917 - INFO - [005930] No action taken. Holding.
