[Program] 2025-11-27 13:37:36,741 - INFO - 자동매매 프로그램을 시작합니다.
[Program] 2025-11-27 13:37:36,742 - INFO - 'paper' 모드 (svr=vps, env_dv=demo)로 인증 시도 중...
[Program] 2025-11-27 13:37:36,743 - INFO - API 인증 성공.
[Program] 2025-11-27 13:37:36,743 - DEBUG - 거래 상태 로드됨: {'active': True, 'trade_id': 'FORCED_20251127133144', 'status': 'pending', 'original_trade_type': 'AUTO', 'current_phase': 'BUYING', 'stock_code': '005930', 'total_amount': 5000000, 'remaining_amount': 5000000, 'total_quantity': 50, 'remaining_quantity': 10, 'price': 0, 'market': 'KRX', 'division_count': 1, 'divisions_done': 0, 'bought_quantity': 40, 'avg_buy_price': 98701.25, 'sell_profit_target_percent': 0.5, 'last_action_timestamp': '2025-11-27T13:31:44.555790'}
[Program] 2025-11-27 13:37:36,743 - INFO - 설정 파일에 강제 거래가 활성화되어 있습니다. 새로운 강제 거래 상태를 초기화합니다.
[Program] 2025-11-27 13:37:36,744 - DEBUG - 계좌 잔고 조회 중...
[Program] 2025-11-27 13:37:36,745 - DEBUG - Starting new HTTPS connection (1): openapivts.koreainvestment.com:29443
[Program] 2025-11-27 13:37:36,857 - DEBUG - https://openapivts.koreainvestment.com:29443 "GET /uapi/domestic-stock/v1/trading/inquire-balance?CANO=50156790&ACNT_PRDT_CD=01&AFHR_FLPR_YN=N&OFL_YN=&INQR_DVSN=02&UNPR_DVSN=01&FUND_STTL_ICLD_YN=N&FNCG_AMT_AUTO_RDPT_YN=N&PRCS_DVSN=00&CTX_AREA_FK100=&CTX_AREA_NK100= HTTP/1.1" 200 1534
[Program] 2025-11-27 13:37:36,860 - INFO - Data fetch complete.
[Program] 2025-11-27 13:37:37,161 - DEBUG - 계좌 잔고 조회가 완료되었습니다.
[Program] 2025-11-27 13:37:37,162 - INFO - 초기 강제 거래: 종목 005930의 기존 보유 수량 40주, 평균 단가 98701.25원 반영.
[Program] 2025-11-27 13:37:37,163 - DEBUG - 거래 상태 저장됨: {'active': True, 'trade_id': 'FORCED_20251127133737', 'status': 'pending', 'original_trade_type': 'AUTO', 'current_phase': 'BUYING', 'stock_code': '005930', 'total_amount': 5000000, 'remaining_amount': 5000000, 'total_quantity': 50, 'remaining_quantity': 10, 'price': 0, 'market': 'KRX', 'division_count': 1, 'divisions_done': 0, 'bought_quantity': 40, 'avg_buy_price': 98701.25, 'sell_profit_target_percent': 0.5, 'last_action_timestamp': '2025-11-27T13:37:37.162853'}
[#20251127133737] 2025-11-27 13:37:37,163 - INFO - 새로운 사이클 시작...
[#20251127133737] 2025-11-27 13:37:37,163 - DEBUG - [#20251127133737] 매매 행동 결정 시작...
[#20251127133737] 2025-11-27 13:37:37,163 - DEBUG - 실시간 시세 조회: 005930
[Program] 2025-11-27 13:37:37,165 - DEBUG - Starting new HTTPS connection (1): openapivts.koreainvestment.com:29443
[Program] 2025-11-27 13:37:37,222 - DEBUG - https://openapivts.koreainvestment.com:29443 "GET /uapi/domestic-stock/v1/quotations/inquire-price?FID_COND_MRKT_DIV_CODE=J&FID_INPUT_ISCD=005930 HTTP/1.1" 200 1980
[#20251127133737] 2025-11-27 13:37:37,525 - DEBUG - 시세 조회가 완료되었습니다.
[#20251127133737] 2025-11-27 13:37:37,525 - DEBUG - 계좌 잔고 조회 중...
[Program] 2025-11-27 13:37:37,526 - DEBUG - Starting new HTTPS connection (1): openapivts.koreainvestment.com:29443
[Program] 2025-11-27 13:37:37,630 - DEBUG - https://openapivts.koreainvestment.com:29443 "GET /uapi/domestic-stock/v1/trading/inquire-balance?CANO=50156790&ACNT_PRDT_CD=01&AFHR_FLPR_YN=N&OFL_YN=&INQR_DVSN=02&UNPR_DVSN=01&FUND_STTL_ICLD_YN=N&FNCG_AMT_AUTO_RDPT_YN=N&PRCS_DVSN=00&CTX_AREA_FK100=&CTX_AREA_NK100= HTTP/1.1" 200 1534
[#20251127133737] 2025-11-27 13:37:37,633 - INFO - Data fetch complete.
[#20251127133737] 2025-11-27 13:37:37,933 - DEBUG - 계좌 잔고 조회가 완료되었습니다.
[#20251127133737] 2025-11-27 13:37:37,934 - DEBUG - 거래 상태 로드됨: {'active': True, 'trade_id': 'FORCED_20251127133737', 'status': 'pending', 'original_trade_type': 'AUTO', 'current_phase': 'BUYING', 'stock_code': '005930', 'total_amount': 5000000, 'remaining_amount': 5000000, 'total_quantity': 50, 'remaining_quantity': 10, 'price': 0, 'market': 'KRX', 'division_count': 1, 'divisions_done': 0, 'bought_quantity': 40, 'avg_buy_price': 98701.25, 'sell_profit_target_percent': 0.5, 'last_action_timestamp': '2025-11-27T13:37:37.162853'}
[#20251127133737] 2025-11-27 13:37:37,934 - INFO - [#20251127133737] 활성 강제 거래 처리 중: FORCED_20251127133737
[#20251127133737] 2025-11-27 13:37:37,934 - DEBUG - 조건 'is_trading_hours': 충족 (KRX 시장 09:00-15:30 내).
[#20251127133737] 2025-11-27 13:37:37,934 - DEBUG - 계좌 잔고 조회 중...
[Program] 2025-11-27 13:37:37,936 - DEBUG - Starting new HTTPS connection (1): openapivts.koreainvestment.com:29443
[Program] 2025-11-27 13:37:37,984 - DEBUG - https://openapivts.koreainvestment.com:29443 "GET /uapi/domestic-stock/v1/trading/inquire-balance?CANO=50156790&ACNT_PRDT_CD=01&AFHR_FLPR_YN=N&OFL_YN=&INQR_DVSN=02&UNPR_DVSN=01&FUND_STTL_ICLD_YN=N&FNCG_AMT_AUTO_RDPT_YN=N&PRCS_DVSN=00&CTX_AREA_FK100=&CTX_AREA_NK100= HTTP/1.1" 500 88
[#20251127133737] 2025-11-27 13:37:38,286 - DEBUG - 계좌 잔고 조회가 완료되었습니다.
[#20251127133737] 2025-11-27 13:37:38,287 - INFO - 매수 주문 요청: 005930 10주 (가격: 시장가) (주문 전 예수금 조회 실패)
[Program] 2025-11-27 13:37:38,288 - DEBUG - Starting new HTTPS connection (1): openapivts.koreainvestment.com:29443
[Program] 2025-11-27 13:37:38,361 - DEBUG - https://openapivts.koreainvestment.com:29443 "POST /uapi/domestic-stock/v1/trading/order-cash HTTP/1.1" 200 188
[#20251127133737] 2025-11-27 13:37:38,463 - INFO - 주문 요청 성공: BUY 005930 10주 (가격: 시장가, 주문번호: 0000013046)
[#20251127133737] 2025-11-27 13:37:38,463 - DEBUG - 체결 여부 및 체결가는 별도 조회를 통해 확인해야 합니다.
[#20251127133737] 2025-11-27 13:37:38,464 - INFO - AUTO 매수 주문 성공. 상태 업데이트 진행.
[#20251127133737] 2025-11-27 13:37:38,464 - INFO - AUTO 매매: 매수 단계 완료. 총 50주 보유, 평균 단가 99641.0. 매도 단계로 전환합니다.
[#20251127133737] 2025-11-27 13:37:38,464 - DEBUG - 거래 상태 저장됨: {'active': True, 'trade_id': 'FORCED_20251127133737', 'status': 'pending', 'original_trade_type': 'AUTO', 'current_phase': 'SELLING', 'stock_code': '005930', 'total_amount': 5000000, 'remaining_amount': 5000000, 'total_quantity': 50, 'remaining_quantity': 0, 'price': 0, 'market': 'KRX', 'division_count': 1, 'divisions_done': 1, 'bought_quantity': 50, 'avg_buy_price': 99641.0, 'sell_profit_target_percent': 0.5, 'last_action_timestamp': '2025-11-27T13:37:37.162853'}
[#20251127133737] 2025-11-27 13:37:38,464 - INFO - BUY 결정 (전략: 'FORCED_TRADE_AUTO_BUY_DIVISION')
[#20251127133737] 2025-11-27 13:37:38,465 - DEBUG - 계좌 잔고 조회 중...
[Program] 2025-11-27 13:37:38,466 - DEBUG - Starting new HTTPS connection (1): openapivts.koreainvestment.com:29443
[Program] 2025-11-27 13:37:38,562 - DEBUG - https://openapivts.koreainvestment.com:29443 "GET /uapi/domestic-stock/v1/trading/inquire-balance?CANO=50156790&ACNT_PRDT_CD=01&AFHR_FLPR_YN=N&OFL_YN=&INQR_DVSN=02&UNPR_DVSN=01&FUND_STTL_ICLD_YN=N&FNCG_AMT_AUTO_RDPT_YN=N&PRCS_DVSN=00&CTX_AREA_FK100=&CTX_AREA_NK100= HTTP/1.1" 200 1534
[#20251127133737] 2025-11-27 13:37:38,565 - INFO - Data fetch complete.
[#20251127133737] 2025-11-27 13:37:38,865 - DEBUG - 계좌 잔고 조회가 완료되었습니다.
[#20251127133737] 2025-11-27 13:37:38,866 - INFO - 매수 주문 요청: 005930 10주 (가격: 시장가) (주문 전 예수금: 6,051,390원)
[Program] 2025-11-27 13:37:38,867 - DEBUG - Starting new HTTPS connection (1): openapivts.koreainvestment.com:29443
[Program] 2025-11-27 13:37:38,913 - DEBUG - https://openapivts.koreainvestment.com:29443 "POST /uapi/domestic-stock/v1/trading/order-cash HTTP/1.1" 500 88
[#20251127133737] 2025-11-27 13:37:39,015 - ERROR - 주문 실패: API로부터 유효한 응답을 받지 못했습니다.
[#20251127133737] 2025-11-27 13:37:39,017 - DEBUG - 강제 거래 명령이 처리되었습니다.
[#20251127133737] 2025-11-27 13:37:39,017 - INFO - 새로운 사이클을 시작합니다. 10초 후 재시도합니다.

[#20251127133749] 2025-11-27 13:37:49,018 - INFO - 새로운 사이클 시작...
[#20251127133749] 2025-11-27 13:37:49,018 - DEBUG - [#20251127133749] 매매 행동 결정 시작...
[#20251127133749] 2025-11-27 13:37:49,018 - DEBUG - 실시간 시세 조회: 005930
[Program] 2025-11-27 13:37:49,019 - DEBUG - Starting new HTTPS connection (1): openapivts.koreainvestment.com:29443
[Program] 2025-11-27 13:37:49,069 - DEBUG - https://openapivts.koreainvestment.com:29443 "GET /uapi/domestic-stock/v1/quotations/inquire-price?FID_COND_MRKT_DIV_CODE=J&FID_INPUT_ISCD=005930 HTTP/1.1" 200 1980
[#20251127133749] 2025-11-27 13:37:49,371 - DEBUG - 시세 조회가 완료되었습니다.
[#20251127133749] 2025-11-27 13:37:49,372 - DEBUG - 계좌 잔고 조회 중...
[Program] 2025-11-27 13:37:49,373 - DEBUG - Starting new HTTPS connection (1): openapivts.koreainvestment.com:29443
[Program] 2025-11-27 13:37:49,461 - DEBUG - https://openapivts.koreainvestment.com:29443 "GET /uapi/domestic-stock/v1/trading/inquire-balance?CANO=50156790&ACNT_PRDT_CD=01&AFHR_FLPR_YN=N&OFL_YN=&INQR_DVSN=02&UNPR_DVSN=01&FUND_STTL_ICLD_YN=N&FNCG_AMT_AUTO_RDPT_YN=N&PRCS_DVSN=00&CTX_AREA_FK100=&CTX_AREA_NK100= HTTP/1.1" 200 1543
[#20251127133749] 2025-11-27 13:37:49,464 - INFO - Data fetch complete.
[#20251127133749] 2025-11-27 13:37:49,764 - DEBUG - 계좌 잔고 조회가 완료되었습니다.
[#20251127133749] 2025-11-27 13:37:49,765 - DEBUG - 거래 상태 로드됨: {'active': True, 'trade_id': 'FORCED_20251127133737', 'status': 'pending', 'original_trade_type': 'AUTO', 'current_phase': 'SELLING', 'stock_code': '005930', 'total_amount': 5000000, 'remaining_amount': 5000000, 'total_quantity': 50, 'remaining_quantity': 0, 'price': 0, 'market': 'KRX', 'division_count': 1, 'divisions_done': 1, 'bought_quantity': 50, 'avg_buy_price': 99641.0, 'sell_profit_target_percent': 0.5, 'last_action_timestamp': '2025-11-27T13:37:37.162853'}
[#20251127133749] 2025-11-27 13:37:49,765 - INFO - [#20251127133749] 활성 강제 거래 처리 중: FORCED_20251127133737
[#20251127133749] 2025-11-27 13:37:49,765 - DEBUG - 조건 'is_trading_hours': 충족 (KRX 시장 09:00-15:30 내).
[#20251127133749] 2025-11-27 13:37:49,766 - DEBUG - AUTO 매매 매도 단계: 현재 수익률 3.77% (목표: 0.50%), 보유: 50주, 평단: 99641.0, 현재가: 103400
[#20251127133749] 2025-11-27 13:37:49,766 - INFO - AUTO 매매: 목표 수익률 달성. 보유 수량 50주 전량 매도를 시도합니다.
[#20251127133749] 2025-11-27 13:37:49,767 - DEBUG - 계좌 잔고 조회 중...
[Program] 2025-11-27 13:37:49,768 - DEBUG - Starting new HTTPS connection (1): openapivts.koreainvestment.com:29443
[Program] 2025-11-27 13:37:49,820 - DEBUG - https://openapivts.koreainvestment.com:29443 "GET /uapi/domestic-stock/v1/trading/inquire-balance?CANO=50156790&ACNT_PRDT_CD=01&AFHR_FLPR_YN=N&OFL_YN=&INQR_DVSN=02&UNPR_DVSN=01&FUND_STTL_ICLD_YN=N&FNCG_AMT_AUTO_RDPT_YN=N&PRCS_DVSN=00&CTX_AREA_FK100=&CTX_AREA_NK100= HTTP/1.1" 500 88
[#20251127133749] 2025-11-27 13:37:50,121 - DEBUG - 계좌 잔고 조회가 완료되었습니다.
[#20251127133749] 2025-11-27 13:37:50,122 - INFO - 매도 주문 요청: 005930 50주 (가격: 시장가) (주문 전 예수금 조회 실패)
[Program] 2025-11-27 13:37:50,123 - DEBUG - Starting new HTTPS connection (1): openapivts.koreainvestment.com:29443
[Program] 2025-11-27 13:37:50,208 - DEBUG - https://openapivts.koreainvestment.com:29443 "POST /uapi/domestic-stock/v1/trading/order-cash HTTP/1.1" 200 188
[#20251127133749] 2025-11-27 13:37:50,311 - INFO - 주문 요청 성공: SELL 005930 50주 (가격: 시장가, 주문번호: 0000013051)
[#20251127133749] 2025-11-27 13:37:50,311 - DEBUG - 체결 여부 및 체결가는 별도 조회를 통해 확인해야 합니다.
[#20251127133749] 2025-11-27 13:37:50,311 - INFO - AUTO 매도 주문 성공. 강제 거래 상태를 초기화합니다.
[#20251127133749] 2025-11-27 13:37:50,311 - DEBUG - 거래 상태 저장됨: {}
[#20251127133749] 2025-11-27 13:37:50,311 - INFO - SELL 결정 (전략: 'FORCED_TRADE_AUTO_SELL')
[#20251127133749] 2025-11-27 13:37:50,312 - DEBUG - 계좌 잔고 조회 중...
[Program] 2025-11-27 13:37:50,313 - DEBUG - Starting new HTTPS connection (1): openapivts.koreainvestment.com:29443
[Program] 2025-11-27 13:37:50,436 - DEBUG - https://openapivts.koreainvestment.com:29443 "GET /uapi/domestic-stock/v1/trading/inquire-balance?CANO=50156790&ACNT_PRDT_CD=01&AFHR_FLPR_YN=N&OFL_YN=&INQR_DVSN=02&UNPR_DVSN=01&FUND_STTL_ICLD_YN=N&FNCG_AMT_AUTO_RDPT_YN=N&PRCS_DVSN=00&CTX_AREA_FK100=&CTX_AREA_NK100= HTTP/1.1" 200 1542
[#20251127133749] 2025-11-27 13:37:50,439 - INFO - Data fetch complete.
[#20251127133749] 2025-11-27 13:37:50,740 - DEBUG - 계좌 잔고 조회가 완료되었습니다.
[#20251127133749] 2025-11-27 13:37:50,740 - INFO - 매도 주문 요청: 005930 50주 (가격: 시장가) (주문 전 예수금: 6,051,390원)
[Program] 2025-11-27 13:37:50,742 - DEBUG - Starting new HTTPS connection (1): openapivts.koreainvestment.com:29443
[Program] 2025-11-27 13:37:50,780 - DEBUG - https://openapivts.koreainvestment.com:29443 "POST /uapi/domestic-stock/v1/trading/order-cash HTTP/1.1" 500 88
[#20251127133749] 2025-11-27 13:37:50,882 - ERROR - 주문 실패: API로부터 유효한 응답을 받지 못했습니다.
[#20251127133749] 2025-11-27 13:37:50,882 - DEBUG - 강제 거래 명령이 처리되었습니다.
[#20251127133749] 2025-11-27 13:37:50,882 - INFO - 새로운 사이클을 시작합니다. 10초 후 재시도합니다.

[#20251127133800] 2025-11-27 13:38:00,883 - INFO - 새로운 사이클 시작...
[#20251127133800] 2025-11-27 13:38:00,883 - DEBUG - [#20251127133800] 매매 행동 결정 시작...
[#20251127133800] 2025-11-27 13:38:00,883 - DEBUG - 실시간 시세 조회: 005930
[Program] 2025-11-27 13:38:00,884 - DEBUG - Starting new HTTPS connection (1): openapivts.koreainvestment.com:29443
[Program] 2025-11-27 13:38:00,938 - DEBUG - https://openapivts.koreainvestment.com:29443 "GET /uapi/domestic-stock/v1/quotations/inquire-price?FID_COND_MRKT_DIV_CODE=J&FID_INPUT_ISCD=005930 HTTP/1.1" 200 1980
[#20251127133800] 2025-11-27 13:38:01,241 - DEBUG - 시세 조회가 완료되었습니다.
[#20251127133800] 2025-11-27 13:38:01,241 - DEBUG - 계좌 잔고 조회 중...
[Program] 2025-11-27 13:38:01,242 - DEBUG - Starting new HTTPS connection (1): openapivts.koreainvestment.com:29443
[Program] 2025-11-27 13:38:01,332 - DEBUG - https://openapivts.koreainvestment.com:29443 "GET /uapi/domestic-stock/v1/trading/inquire-balance?CANO=50156790&ACNT_PRDT_CD=01&AFHR_FLPR_YN=N&OFL_YN=&INQR_DVSN=02&UNPR_DVSN=01&FUND_STTL_ICLD_YN=N&FNCG_AMT_AUTO_RDPT_YN=N&PRCS_DVSN=00&CTX_AREA_FK100=&CTX_AREA_NK100= HTTP/1.1" 200 990
[#20251127133800] 2025-11-27 13:38:01,335 - INFO - Data fetch complete.
[#20251127133800] 2025-11-27 13:38:01,635 - DEBUG - 계좌 잔고 조회가 완료되었습니다.
[#20251127133800] 2025-11-27 13:38:01,636 - DEBUG - 거래 상태 로드됨: {}
[#20251127133800] 2025-11-27 13:38:01,636 - DEBUG - [#20251127133800] 일반 매매 규칙 평가 중...
[#20251127133800] 2025-11-27 13:38:01,636 - DEBUG - 규칙 평가 중: 'Simple_Price_Buy_Rule'
[#20251127133800] 2025-11-27 13:38:01,636 - DEBUG - 조건 'is_trading_hours': 충족 (KRX 시장 09:00-15:30 내).
[#20251127133800] 2025-11-27 13:38:01,636 - DEBUG - 조건 'is_price_below_target': 현재가=103500, 목표가=80000
[#20251127133800] 2025-11-27 13:38:01,636 - DEBUG - 규칙 'Simple_Price_Buy_Rule'의 조건이 충족되지 않았습니다.
[#20251127133800] 2025-11-27 13:38:01,637 - DEBUG - 규칙 평가 중: 'Target_Profit_Sell_Rule'
[#20251127133800] 2025-11-27 13:38:01,637 - DEBUG - 조건 'is_target_profit_reached': 보유 종목이 없거나 데이터가 불완전합니다. 조건 미충족.
[#20251127133800] 2025-11-27 13:38:01,637 - DEBUG - 규칙 'Target_Profit_Sell_Rule'의 조건이 충족되지 않았습니다.
[#20251127133800] 2025-11-27 13:38:01,637 - DEBUG - 규칙 평가 중: 'Stop_Loss_Sell_Rule'
[#20251127133800] 2025-11-27 13:38:01,637 - DEBUG - 조건 'is_stop_loss_reached': 보유 종목이 없거나 데이터가 불완전합니다. 조건 미충족.
[#20251127133800] 2025-11-27 13:38:01,637 - DEBUG - 규칙 'Stop_Loss_Sell_Rule'의 조건이 충족되지 않았습니다.
[#20251127133800] 2025-11-27 13:38:01,637 - DEBUG - [#20251127133800] 이번 사이클에 취할 매매 행동이 없습니다.
[#20251127133800] 2025-11-27 13:38:01,637 - INFO - 이번 사이클에서는 실행할 거래가 없습니다.
[#20251127133800] 2025-11-27 13:38:01,637 - INFO - 새로운 사이클을 시작합니다. 10초 후 재시도합니다.

[#20251127133811] 2025-11-27 13:38:11,637 - INFO - 새로운 사이클 시작...
[#20251127133811] 2025-11-27 13:38:11,638 - DEBUG - [#20251127133811] 매매 행동 결정 시작...
[#20251127133811] 2025-11-27 13:38:11,638 - DEBUG - 실시간 시세 조회: 005930
[Program] 2025-11-27 13:38:11,639 - DEBUG - Starting new HTTPS connection (1): openapivts.koreainvestment.com:29443
[Program] 2025-11-27 13:38:11,685 - DEBUG - https://openapivts.koreainvestment.com:29443 "GET /uapi/domestic-stock/v1/quotations/inquire-price?FID_COND_MRKT_DIV_CODE=J&FID_INPUT_ISCD=005930 HTTP/1.1" 200 1980
[#20251127133811] 2025-11-27 13:38:11,987 - DEBUG - 시세 조회가 완료되었습니다.
[#20251127133811] 2025-11-27 13:38:11,988 - DEBUG - 계좌 잔고 조회 중...
[Program] 2025-11-27 13:38:11,989 - DEBUG - Starting new HTTPS connection (1): openapivts.koreainvestment.com:29443
[Program] 2025-11-27 13:38:12,099 - DEBUG - https://openapivts.koreainvestment.com:29443 "GET /uapi/domestic-stock/v1/trading/inquire-balance?CANO=50156790&ACNT_PRDT_CD=01&AFHR_FLPR_YN=N&OFL_YN=&INQR_DVSN=02&UNPR_DVSN=01&FUND_STTL_ICLD_YN=N&FNCG_AMT_AUTO_RDPT_YN=N&PRCS_DVSN=00&CTX_AREA_FK100=&CTX_AREA_NK100= HTTP/1.1" 200 990
[#20251127133811] 2025-11-27 13:38:12,102 - INFO - Data fetch complete.
[#20251127133811] 2025-11-27 13:38:12,403 - DEBUG - 계좌 잔고 조회가 완료되었습니다.
[#20251127133811] 2025-11-27 13:38:12,403 - DEBUG - 거래 상태 로드됨: {}
[#20251127133811] 2025-11-27 13:38:12,403 - DEBUG - [#20251127133811] 일반 매매 규칙 평가 중...
[#20251127133811] 2025-11-27 13:38:12,403 - DEBUG - 규칙 평가 중: 'Simple_Price_Buy_Rule'
[#20251127133811] 2025-11-27 13:38:12,403 - DEBUG - 조건 'is_trading_hours': 충족 (KRX 시장 09:00-15:30 내).
[#20251127133811] 2025-11-27 13:38:12,404 - DEBUG - 조건 'is_price_below_target': 현재가=103500, 목표가=80000
[#20251127133811] 2025-11-27 13:38:12,404 - DEBUG - 규칙 'Simple_Price_Buy_Rule'의 조건이 충족되지 않았습니다.
[#20251127133811] 2025-11-27 13:38:12,404 - DEBUG - 규칙 평가 중: 'Target_Profit_Sell_Rule'
[#20251127133811] 2025-11-27 13:38:12,404 - DEBUG - 조건 'is_target_profit_reached': 보유 종목이 없거나 데이터가 불완전합니다. 조건 미충족.
[#20251127133811] 2025-11-27 13:38:12,404 - DEBUG - 규칙 'Target_Profit_Sell_Rule'의 조건이 충족되지 않았습니다.
[#20251127133811] 2025-11-27 13:38:12,404 - DEBUG - 규칙 평가 중: 'Stop_Loss_Sell_Rule'
[#20251127133811] 2025-11-27 13:38:12,404 - DEBUG - 조건 'is_stop_loss_reached': 보유 종목이 없거나 데이터가 불완전합니다. 조건 미충족.
[#20251127133811] 2025-11-27 13:38:12,404 - DEBUG - 규칙 'Stop_Loss_Sell_Rule'의 조건이 충족되지 않았습니다.
[#20251127133811] 2025-11-27 13:38:12,404 - DEBUG - [#20251127133811] 이번 사이클에 취할 매매 행동이 없습니다.
[#20251127133811] 2025-11-27 13:38:12,404 - INFO - 이번 사이클에서는 실행할 거래가 없습니다.
[#20251127133811] 2025-11-27 13:38:12,404 - INFO - 새로운 사이클을 시작합니다. 10초 후 재시도합니다.

[#20251127133822] 2025-11-27 13:38:22,405 - INFO - 새로운 사이클 시작...
[#20251127133822] 2025-11-27 13:38:22,405 - DEBUG - [#20251127133822] 매매 행동 결정 시작...
[#20251127133822] 2025-11-27 13:38:22,405 - DEBUG - 실시간 시세 조회: 005930
[Program] 2025-11-27 13:38:22,406 - DEBUG - Starting new HTTPS connection (1): openapivts.koreainvestment.com:29443
[Program] 2025-11-27 13:38:22,486 - DEBUG - https://openapivts.koreainvestment.com:29443 "GET /uapi/domestic-stock/v1/quotations/inquire-price?FID_COND_MRKT_DIV_CODE=J&FID_INPUT_ISCD=005930 HTTP/1.1" 200 1980
[#20251127133822] 2025-11-27 13:38:22,788 - DEBUG - 시세 조회가 완료되었습니다.
[#20251127133822] 2025-11-27 13:38:22,789 - DEBUG - 계좌 잔고 조회 중...
[Program] 2025-11-27 13:38:22,790 - DEBUG - Starting new HTTPS connection (1): openapivts.koreainvestment.com:29443
[Program] 2025-11-27 13:38:22,906 - DEBUG - https://openapivts.koreainvestment.com:29443 "GET /uapi/domestic-stock/v1/trading/inquire-balance?CANO=50156790&ACNT_PRDT_CD=01&AFHR_FLPR_YN=N&OFL_YN=&INQR_DVSN=02&UNPR_DVSN=01&FUND_STTL_ICLD_YN=N&FNCG_AMT_AUTO_RDPT_YN=N&PRCS_DVSN=00&CTX_AREA_FK100=&CTX_AREA_NK100= HTTP/1.1" 200 990
[#20251127133822] 2025-11-27 13:38:22,908 - INFO - Data fetch complete.
[#20251127133822] 2025-11-27 13:38:23,209 - DEBUG - 계좌 잔고 조회가 완료되었습니다.
[#20251127133822] 2025-11-27 13:38:23,209 - DEBUG - 거래 상태 로드됨: {}
[#20251127133822] 2025-11-27 13:38:23,209 - DEBUG - [#20251127133822] 일반 매매 규칙 평가 중...
[#20251127133822] 2025-11-27 13:38:23,210 - DEBUG - 규칙 평가 중: 'Simple_Price_Buy_Rule'
[#20251127133822] 2025-11-27 13:38:23,210 - DEBUG - 조건 'is_trading_hours': 충족 (KRX 시장 09:00-15:30 내).
[#20251127133822] 2025-11-27 13:38:23,210 - DEBUG - 조건 'is_price_below_target': 현재가=103500, 목표가=80000
[#20251127133822] 2025-11-27 13:38:23,210 - DEBUG - 규칙 'Simple_Price_Buy_Rule'의 조건이 충족되지 않았습니다.
[#20251127133822] 2025-11-27 13:38:23,210 - DEBUG - 규칙 평가 중: 'Target_Profit_Sell_Rule'
[#20251127133822] 2025-11-27 13:38:23,211 - DEBUG - 조건 'is_target_profit_reached': 보유 종목이 없거나 데이터가 불완전합니다. 조건 미충족.
[#20251127133822] 2025-11-27 13:38:23,211 - DEBUG - 규칙 'Target_Profit_Sell_Rule'의 조건이 충족되지 않았습니다.
[#20251127133822] 2025-11-27 13:38:23,211 - DEBUG - 규칙 평가 중: 'Stop_Loss_Sell_Rule'
[#20251127133822] 2025-11-27 13:38:23,211 - DEBUG - 조건 'is_stop_loss_reached': 보유 종목이 없거나 데이터가 불완전합니다. 조건 미충족.
[#20251127133822] 2025-11-27 13:38:23,211 - DEBUG - 규칙 'Stop_Loss_Sell_Rule'의 조건이 충족되지 않았습니다.
[#20251127133822] 2025-11-27 13:38:23,211 - DEBUG - [#20251127133822] 이번 사이클에 취할 매매 행동이 없습니다.
[#20251127133822] 2025-11-27 13:38:23,211 - INFO - 이번 사이클에서는 실행할 거래가 없습니다.
[#20251127133822] 2025-11-27 13:38:23,211 - INFO - 새로운 사이클을 시작합니다. 10초 후 재시도합니다.

[Program] 2025-11-27 13:38:29,801 - INFO - 사용자에 의해 프로그램이 중단되었습니다.
[Program] 2025-11-27 13:38:29,802 - INFO - 자동매매 프로그램을 종료합니다.
